<?xml version="1.0" encoding="UTF-8"?>
<testsuite xmlns:xsi="http://www.w3.org/2001/XMLSchema-instance" xsi:noNamespaceSchemaLocation="https://maven.apache.org/surefire/maven-surefire-plugin/xsd/surefire-test-report-3.0.xsd" version="3.0" name="BankTest" time="0.125" tests="4" errors="0" skipped="0" failures="0">
  <properties>
[...]
</properties>
  <testcase name="throwsExceptionWithTwoName" classname="BankTest" time="0.055"/>
  <testcase name="getName" classname="BankTest" time="0.008"/>
  <testcase name="getNameWithNull" classname="BankTest" time="0.002"/>
  <testcase name="setName" classname="BankTest" time="0.002"/>
</testsuite>